<?xml version="1.0" encoding="UTF-8"?>
<coverage generated="1622554035143" clover="3.2.0">
  <project timestamp="1622554035143" name="All files">
    <metrics statements="31" coveredstatements="27" conditionals="8" coveredconditionals="6" methods="13" coveredmethods="11" elements="52" coveredelements="44" complexity="0" loc="31" ncloc="31" packages="4" files="4" classes="4"/>
    <package name="01_intro">
      <metrics statements="7" coveredstatements="4" conditionals="2" coveredconditionals="0" methods="4" coveredmethods="2"/>
      <file name="intro.js" path="/home/jzaretskaya/projects/unit-testing-study/01_intro/intro.js">
        <metrics statements="7" coveredstatements="4" conditionals="2" coveredconditionals="0" methods="4" coveredmethods="2"/>
        <line num="2" count="1" type="stmt"/>
        <line num="4" count="0" type="cond" truecount="0" falsecount="2"/>
        <line num="5" count="0" type="stmt"/>
        <line num="7" count="0" type="stmt"/>
        <line num="12" count="5" type="stmt"/>
        <line num="14" count="7" type="stmt"/>
        <line num="16" count="1" type="stmt"/>
      </file>
    </package>
    <package name="02_sync">
      <metrics statements="8" coveredstatements="8" conditionals="4" coveredconditionals="4" methods="4" coveredmethods="4"/>
      <file name="sync.js" path="/home/jzaretskaya/projects/unit-testing-study/02_sync/sync.js">
        <metrics statements="8" coveredstatements="8" conditionals="4" coveredconditionals="4" methods="4" coveredmethods="4"/>
        <line num="3" count="48" type="stmt"/>
        <line num="7" count="3" type="stmt"/>
        <line num="8" count="7" type="cond" truecount="2" falsecount="0"/>
        <line num="9" count="7" type="cond" truecount="2" falsecount="0"/>
        <line num="10" count="5" type="stmt"/>
        <line num="12" count="7" type="stmt"/>
        <line num="13" count="7" type="stmt"/>
        <line num="18" count="1" type="stmt"/>
      </file>
    </package>
    <package name="03_async">
      <metrics statements="11" coveredstatements="10" conditionals="2" coveredconditionals="2" methods="4" coveredmethods="4"/>
      <file name="async.js" path="/home/jzaretskaya/projects/unit-testing-study/03_async/async.js">
        <metrics statements="11" coveredstatements="10" conditionals="2" coveredconditionals="2" methods="4" coveredmethods="4"/>
        <line num="1" count="1" type="stmt"/>
        <line num="5" count="4" type="stmt"/>
        <line num="6" count="4" type="stmt"/>
        <line num="7" count="4" type="cond" truecount="2" falsecount="0"/>
        <line num="8" count="3" type="stmt"/>
        <line num="10" count="1" type="stmt"/>
        <line num="17" count="1" type="stmt"/>
        <line num="18" count="1" type="stmt"/>
        <line num="19" count="1" type="stmt"/>
        <line num="21" count="0" type="stmt"/>
        <line num="26" count="1" type="stmt"/>
      </file>
    </package>
    <package name="04_mock">
      <metrics statements="5" coveredstatements="5" conditionals="0" coveredconditionals="0" methods="1" coveredmethods="1"/>
      <file name="mock.js" path="/home/jzaretskaya/projects/unit-testing-study/04_mock/mock.js">
        <metrics statements="5" coveredstatements="5" conditionals="0" coveredconditionals="0" methods="1" coveredmethods="1"/>
        <line num="2" count="4" type="stmt"/>
        <line num="3" count="4" type="stmt"/>
        <line num="4" count="16" type="stmt"/>
        <line num="6" count="4" type="stmt"/>
        <line num="9" count="1" type="stmt"/>
      </file>
    </package>
  </project>
</coverage>
