TN:
SF:01_intro/intro.js
FN:2,(anonymous_0)
FN:3,(anonymous_1)
FN:12,(anonymous_2)
FN:14,(anonymous_3)
FNF:4
FNH:2
FNDA:0,(anonymous_0)
FNDA:0,(anonymous_1)
FNDA:5,(anonymous_2)
FNDA:7,(anonymous_3)
DA:2,1
DA:4,0
DA:5,0
DA:7,0
DA:12,5
DA:14,7
DA:16,1
LF:7
LH:4
BRDA:4,0,0,0
BRDA:4,0,1,0
BRF:2
BRH:0
end_of_record
TN:
SF:02_sync/sync.js
FN:2,(anonymous_0)
FN:3,(anonymous_1)
FN:6,(anonymous_2)
FN:7,(anonymous_3)
FNF:4
FNH:4
FNDA:6,(anonymous_0)
FNDA:48,(anonymous_1)
FNDA:3,(anonymous_2)
FNDA:7,(anonymous_3)
DA:3,48
DA:7,3
DA:8,7
DA:9,7
DA:10,5
DA:12,7
DA:13,7
DA:18,1
LF:8
LH:8
BRDA:8,0,0,4
BRDA:8,0,1,3
BRDA:9,1,0,5
BRDA:9,1,1,2
BRF:4
BRH:4
end_of_record
TN:
SF:03_async/async.js
FN:4,(anonymous_0)
FN:5,(anonymous_1)
FN:6,(anonymous_2)
FN:16,(anonymous_3)
FNF:4
FNH:4
FNDA:4,(anonymous_0)
FNDA:4,(anonymous_1)
FNDA:4,(anonymous_2)
FNDA:1,(anonymous_3)
DA:1,1
DA:5,4
DA:6,4
DA:7,4
DA:8,3
DA:10,1
DA:17,1
DA:18,1
DA:19,1
DA:21,0
DA:26,1
LF:11
LH:10
BRDA:7,0,0,3
BRDA:7,0,1,1
BRF:2
BRH:2
end_of_record
TN:
SF:04_mock/mock.js
FN:1,map
FNF:1
FNH:1
FNDA:4,map
DA:2,4
DA:3,4
DA:4,16
DA:6,4
DA:9,1
LF:5
LH:5
BRF:0
BRH:0
end_of_record
